Assembler report for console
Tue Dec 05 01:57:53 2023
Quartus Prime Version 18.0.0 Build 614 04/24/2018 SJ Standard Edition


---------------------
; Table of Contents ;
---------------------
  1. Legal Notice
  2. Assembler Summary
  3. Assembler Settings
  4. Assembler Generated Files
  5. Assembler Device Options: C:/Users/Alwyn/Documents/console_bypass_sdram_weekend/output_files/console.sof
  6. Assembler Messages



----------------
; Legal Notice ;
----------------
Copyright (C) 2018  Intel Corporation. All rights reserved.
Your use of Intel Corporation's design tools, logic functions 
and other software and tools, and its AMPP partner logic 
functions, and any output files from any of the foregoing 
(including device programming or simulation files), and any 
associated documentation or information are expressly subject 
to the terms and conditions of the Intel Program License 
Subscription Agreement, the Intel Quartus Prime License Agreement,
the Intel FPGA IP License Agreement, or other applicable license
agreement, including, without limitation, that your use is for
the sole purpose of programming logic devices manufactured by
Intel and sold by Intel or its authorized distributors.  Please
refer to the applicable agreement for further details.



+---------------------------------------------------------------+
; Assembler Summary                                             ;
+-----------------------+---------------------------------------+
; Assembler Status      ; Successful - Tue Dec 05 01:57:53 2023 ;
; Revision Name         ; console                               ;
; Top-level Entity Name ; console                               ;
; Family                ; Cyclone V                             ;
; Device                ; 5CSEMA5F31C6                          ;
+-----------------------+---------------------------------------+


+----------------------------------+
; Assembler Settings               ;
+--------+---------+---------------+
; Option ; Setting ; Default Value ;
+--------+---------+---------------+


+--------------------------------------------------------------------------------+
; Assembler Generated Files                                                      ;
+--------------------------------------------------------------------------------+
; File Name                                                                      ;
+--------------------------------------------------------------------------------+
; C:/Users/Alwyn/Documents/console_bypass_sdram_weekend/output_files/console.sof ;
+--------------------------------------------------------------------------------+


+----------------------------------------------------------------------------------------------------------+
; Assembler Device Options: C:/Users/Alwyn/Documents/console_bypass_sdram_weekend/output_files/console.sof ;
+----------------+-----------------------------------------------------------------------------------------+
; Option         ; Setting                                                                                 ;
+----------------+-----------------------------------------------------------------------------------------+
; JTAG usercode  ; 0x02BA52A6                                                                              ;
; Checksum       ; 0x02BA52A6                                                                              ;
+----------------+-----------------------------------------------------------------------------------------+


+--------------------+
; Assembler Messages ;
+--------------------+
Info: *******************************************************************
Info: Running Quartus Prime Assembler
    Info: Version 18.0.0 Build 614 04/24/2018 SJ Standard Edition
    Info: Processing started: Tue Dec 05 01:57:38 2023
Info: Command: quartus_asm --read_settings_files=off --write_settings_files=off console -c console
Warning (125092): Tcl Script File DinoRom.qip not found
    Info (125063): set_global_assignment -name QIP_FILE DinoRom.qip
Warning (18236): Number of processors has not been specified which may cause overloading on shared machines.  Set the global assignment NUM_PARALLEL_PROCESSORS in your QSF to an appropriate value for best performance.
Info (115030): Assembler is generating device programming files
Info: Quartus Prime Assembler was successful. 0 errors, 2 warnings
    Info: Peak virtual memory: 4936 megabytes
    Info: Processing ended: Tue Dec 05 01:57:53 2023
    Info: Elapsed time: 00:00:15
    Info: Total CPU time (on all processors): 00:00:14


